[debug] [2026-02-01T21:05:59.650Z] ----------------------------------------------------------------------
[debug] [2026-02-01T21:05:59.652Z] Command:       /opt/homebrew/Cellar/node/25.2.1/bin/node /opt/homebrew/bin/firebase deploy --only hosting
[debug] [2026-02-01T21:05:59.653Z] CLI Version:   15.5.1
[debug] [2026-02-01T21:05:59.653Z] Platform:      darwin
[debug] [2026-02-01T21:05:59.653Z] Node Version:  v25.2.1
[debug] [2026-02-01T21:05:59.653Z] Time:          Mon Feb 02 2026 02:05:59 GMT+0500 (Kazakhstan Time)
[debug] [2026-02-01T21:05:59.653Z] ----------------------------------------------------------------------
[debug] 
[debug] [2026-02-01T21:06:00.441Z] > command requires scopes: ["email","openid","https://www.googleapis.com/auth/cloudplatformprojects.readonly","https://www.googleapis.com/auth/firebase","https://www.googleapis.com/auth/cloud-platform"]
[debug] [2026-02-01T21:06:00.441Z] > authorizing via signed-in user (mamayev.stas@gmail.com)
[debug] [2026-02-01T21:06:00.441Z] [iam] checking project fullstackforge-6618e for permissions ["firebase.projects.get","firebasehosting.sites.update"]
[debug] [2026-02-01T21:06:00.441Z] Checked if tokens are valid: true, expires at: 1769982887347
[debug] [2026-02-01T21:06:00.441Z] Checked if tokens are valid: true, expires at: 1769982887347
[debug] [2026-02-01T21:06:00.442Z] >>> [apiv2][query] POST https://cloudresourcemanager.googleapis.com/v1/projects/fullstackforge-6618e:testIamPermissions [none]
[debug] [2026-02-01T21:06:00.442Z] >>> [apiv2][(partial)header] POST https://cloudresourcemanager.googleapis.com/v1/projects/fullstackforge-6618e:testIamPermissions  x-goog-user-project=fullstackforge-6618e
[debug] [2026-02-01T21:06:00.442Z] >>> [apiv2][body] POST https://cloudresourcemanager.googleapis.com/v1/projects/fullstackforge-6618e:testIamPermissions {"permissions":["firebase.projects.get","firebasehosting.sites.update"]}
[debug] [2026-02-01T21:06:01.567Z] <<< [apiv2][status] POST https://cloudresourcemanager.googleapis.com/v1/projects/fullstackforge-6618e:testIamPermissions 200
[debug] [2026-02-01T21:06:01.567Z] <<< [apiv2][body] POST https://cloudresourcemanager.googleapis.com/v1/projects/fullstackforge-6618e:testIamPermissions {"permissions":["firebase.projects.get","firebasehosting.sites.update"]}
[debug] [2026-02-01T21:06:01.568Z] Checked if tokens are valid: true, expires at: 1769982887347
[debug] [2026-02-01T21:06:01.568Z] Checked if tokens are valid: true, expires at: 1769982887347
[debug] [2026-02-01T21:06:01.568Z] >>> [apiv2][query] GET https://firebase.googleapis.com/v1beta1/projects/fullstackforge-6618e [none]
[debug] [2026-02-01T21:06:02.174Z] <<< [apiv2][status] GET https://firebase.googleapis.com/v1beta1/projects/fullstackforge-6618e 200
[debug] [2026-02-01T21:06:02.174Z] <<< [apiv2][body] GET https://firebase.googleapis.com/v1beta1/projects/fullstackforge-6618e {"projectId":"fullstackforge-6618e","projectNumber":"841803620012","displayName":"FullStackForge","name":"projects/fullstackforge-6618e","resources":{"hostingSite":"fullstackforge-6618e"},"state":"ACTIVE","etag":"1_945733c9-b1b7-4c5e-8675-3d122f923521"}
[debug] [2026-02-01T21:06:06.239Z] defaultcredentials: writing to file /Users/stanislavmamaev/.config/firebase/mamayev_stas_gmail.com_application_default_credentials.json
[debug] [2026-02-01T21:06:06.239Z] Checked if tokens are valid: true, expires at: 1769982887347
[debug] [2026-02-01T21:06:06.239Z] Checked if tokens are valid: true, expires at: 1769982887347
[debug] [2026-02-01T21:06:06.239Z] >>> [apiv2][query] GET https://firebasehosting.googleapis.com/v1beta1/projects/fullstackforge-6618e/sites pageToken=&pageSize=10
[debug] [2026-02-01T21:06:10.082Z] <<< [apiv2][status] GET https://firebasehosting.googleapis.com/v1beta1/projects/fullstackforge-6618e/sites 200
[debug] [2026-02-01T21:06:10.083Z] <<< [apiv2][body] GET https://firebasehosting.googleapis.com/v1beta1/projects/fullstackforge-6618e/sites {"sites":[{"name":"projects/fullstackforge-6618e/sites/fullstackforge-6618e","defaultUrl":"https://fullstackforge-6618e.web.app","type":"DEFAULT_SITE"}]}
[debug] [2026-02-01T21:06:10.083Z] Checked if tokens are valid: true, expires at: 1769982887347
[debug] [2026-02-01T21:06:10.083Z] Checked if tokens are valid: true, expires at: 1769982887347
[debug] [2026-02-01T21:06:10.083Z] >>> [apiv2][query] GET https://firebasehosting.googleapis.com/v1beta1/projects/fullstackforge-6618e/sites 
[debug] [2026-02-01T21:06:10.426Z] <<< [apiv2][status] GET https://firebasehosting.googleapis.com/v1beta1/projects/fullstackforge-6618e/sites 200
[debug] [2026-02-01T21:06:10.427Z] <<< [apiv2][body] GET https://firebasehosting.googleapis.com/v1beta1/projects/fullstackforge-6618e/sites {"sites":[{"name":"projects/fullstackforge-6618e/sites/fullstackforge-6618e","defaultUrl":"https://fullstackforge-6618e.web.app","type":"DEFAULT_SITE"}]}
[debug] [2026-02-01T21:06:10.427Z] Checked if tokens are valid: true, expires at: 1769982887347
[debug] [2026-02-01T21:06:10.427Z] Checked if tokens are valid: true, expires at: 1769982887347
[debug] [2026-02-01T21:06:10.427Z] >>> [apiv2][query] GET https://firebase.googleapis.com/v1beta1/projects/fullstackforge-6618e/webApps/-/config [none]
[debug] [2026-02-01T21:06:11.393Z] <<< [apiv2][status] GET https://firebase.googleapis.com/v1beta1/projects/fullstackforge-6618e/webApps/-/config 200
[debug] [2026-02-01T21:06:11.394Z] <<< [apiv2][body] GET https://firebase.googleapis.com/v1beta1/projects/fullstackforge-6618e/webApps/-/config {"projectId":"fullstackforge-6618e","storageBucket":"fullstackforge-6618e.firebasestorage.app","apiKey":"AIzaSyAnrDWmaDL23AxIy5YUtF0vtpwOWM0ZeSU","authDomain":"fullstackforge-6618e.firebaseapp.com","messagingSenderId":"841803620012","projectNumber":"841803620012","version":"2"}
